<?xml version="1.0" encoding="UTF-8"?>
<!-- Generated by org.testng.reporters.JUnitReportReporter -->
<testsuite hostname="DESKTOP-H3UQ7ED" failures="0" tests="1" name="userregistraionrunner.RegistraionRunner" time="0.123" errors="0" timestamp="2023-08-06T21:18:50 IST" skipped="0">
  <testcase classname="userregistraionrunner.RegistraionRunner" name="runScenario" time="0.123"/>
</testsuite> <!-- userregistraionrunner.RegistraionRunner -->
