<?xml version="1.0" encoding="UTF-8"?>
<!-- Generated by org.testng.reporters.JUnitReportReporter -->
<testsuite hostname="DESKTOP-H3UQ7ED" failures="0" tests="1" name="userregistrationsteps.UserRegistraionSteps" time="0.018" errors="0" timestamp="2023-08-06T14:16:41 IST" skipped="0">
  <testcase classname="userregistrationsteps.UserRegistraionSteps" name="print" time="0.018"/>
</testsuite> <!-- userregistrationsteps.UserRegistraionSteps -->
